<?xml version="1.0" encoding="UTF-8" ?>
<testsuite tests="1" failures="1" name="TestSuite" time="30.605" errors="0" skipped="0">
  <properties>
[...]
</properties>
  <testcase classname="org.vwdautomation.test.homepage.VerifyLoginWithValidCredentails" name="verifyLoginWithValidCredentails" time="30.605">
    <failure message="expected [true] but found [false]" type="java.lang.AssertionError">java.lang.AssertionError: expected [true] but found [false]
	at org.testng.Assert.fail(Assert.java:94)
	at org.testng.Assert.failNotEquals(Assert.java:513)
	at org.testng.Assert.assertTrue(Assert.java:42)
	at org.testng.Assert.assertTrue(Assert.java:52)
	at org.vwdautomation.test.homepage.VerifyLoginWithValidCredentails.verifyLoginWithValidCredentails(VerifyLoginWithValidCredentails.java:28)
</failure>
    <system-out>chrome
2018-08-04 16:29:11 INFO  TestBase:105 - creating object of chrome
2018-08-04 16:30:06 INFO  TestBase:127 - navigating to :-http://valleystagingelb-906687222.us-west-2.elb.amazonaws.com/vwdlogin.jsp
2018-08-04 16:30:21 INFO  TestBase:23 - =========== Starting verifyLoginWithValidCredentails Test=============
2018-08-04 16:30:26 INFO  HomePage:36 - entered user name:-10021 and object is [[ChromeDriver: chrome on XP (53198748435eeaba7ffd1babe21fd401)] -&gt; xpath: //input[@id=&apos;username&apos;]]
2018-08-04 16:30:29 INFO  HomePage:36 - entered password:-passpass and object is [[ChromeDriver: chrome on XP (53198748435eeaba7ffd1babe21fd401)] -&gt; xpath: //input[@id=&apos;password&apos;]]
2018-08-04 16:30:31 INFO  HomePage:36 - clicked on sublit butto and object is:-[[ChromeDriver: chrome on XP (53198748435eeaba7ffd1babe21fd401)] -&gt; xpath: //a[@id=&apos;btn_login&apos;]]
false
</system-out>
    <system-err>Starting ChromeDriver 2.36.540470 (e522d04694c7ebea4ba8821272dbef4f9b818c91) on port 36834
Only local connections are allowed.
Aug 04, 2018 4:30:06 PM org.openqa.selenium.remote.ProtocolHandshake createSession
INFO: Detected dialect: OSS
</system-err>
  </testcase>
</testsuite>